[1225/130330.867:ERROR:process_info.cc(329)] VirtualQueryEx: Access is denied. (0x5)
[1225/130330.867:ERROR:process_info.cc(556)] ReadMemoryInfo failed
[1225/130330.868:ERROR:process_memory_win.cc(39)] Failed to initialize ProcessInfo.
[1225/130330.868:ERROR:scoped_process_suspend.cc(40)] NtResumeProcess: An attempt was made to access an exiting process. (0xc000010a)
[1225/142541.024:ERROR:scoped_process_suspend.cc(31)] NtSuspendProcess: An attempt was made to access an exiting process. (0xc000010a)
[1225/142541.042:ERROR:process_info.cc(118)] ReadProcessMemory bool __cdecl crashpad::(anonymous namespace)::ReadStruct(HANDLE, crashpad::WinVMAddress, T *) [T = crashpad::process_types::PEB<crashpad::process_types::internal::Traits64>]: Only part of a ReadProcessMemory or WriteProcessMemory request was completed. (0x12B)
[1225/142541.044:ERROR:process_info.cc(551)] ReadProcessData failed
[1226/141845.544:ERROR:process_reader_win.cc(151)] SuspendThread: Access is denied. (0x5)
[1226/141845.575:ERROR:process_reader_win.cc(151)] SuspendThread: Access is denied. (0x5)
[1226/141845.576:ERROR:process_reader_win.cc(151)] SuspendThread: Access is denied. (0x5)
[1226/141845.576:ERROR:process_reader_win.cc(151)] SuspendThread: Access is denied. (0x5)
[1226/141845.576:ERROR:process_reader_win.cc(151)] SuspendThread: Access is denied. (0x5)
[1226/141845.576:ERROR:process_reader_win.cc(151)] SuspendThread: Access is denied. (0x5)
[1226/141845.576:ERROR:process_reader_win.cc(151)] SuspendThread: Access is denied. (0x5)
[1226/141845.577:ERROR:process_reader_win.cc(151)] SuspendThread: Access is denied. (0x5)
[1226/141845.577:ERROR:process_reader_win.cc(151)] SuspendThread: Access is denied. (0x5)
[1226/141845.577:ERROR:process_reader_win.cc(151)] SuspendThread: Access is denied. (0x5)
[1226/141845.577:ERROR:process_reader_win.cc(151)] SuspendThread: Access is denied. (0x5)
[1226/141845.577:ERROR:process_reader_win.cc(151)] SuspendThread: Access is denied. (0x5)
[1226/141845.577:ERROR:process_reader_win.cc(151)] SuspendThread: Access is denied. (0x5)
[1226/141845.577:ERROR:process_reader_win.cc(151)] SuspendThread: Access is denied. (0x5)
[1226/141845.577:ERROR:process_reader_win.cc(151)] SuspendThread: Access is denied. (0x5)
[1226/141845.577:ERROR:exception_snapshot_win.cc(98)] thread ID 20180 not found in process
