[0123/183921.015:ERROR:process_memory_win.cc(73)] ReadMemory at 0x9c4e3f0000 of 65536 bytes failed: Only part of a ReadProcessMemory or WriteProcessMemory request was completed. (0x12B)
[0123/183921.080:ERROR:process_memory_win.cc(73)] ReadMemory at 0x9c4ebfd000 of 12288 bytes failed: Only part of a ReadProcessMemory or WriteProcessMemory request was completed. (0x12B)
[0123/183921.081:ERROR:process_memory_win.cc(73)] ReadMemory at 0x9c4f3f9000 of 28672 bytes failed: Only part of a ReadProcessMemory or WriteProcessMemory request was completed. (0x12B)
[0123/183921.081:ERROR:process_memory_win.cc(73)] ReadMemory at 0x9c4fbfc000 of 16384 bytes failed: Only part of a ReadProcessMemory or WriteProcessMemory request was completed. (0x12B)
[0123/183921.111:ERROR:process_memory_win.cc(73)] ReadMemory at 0x9c503fb000 of 20480 bytes failed: Only part of a ReadProcessMemory or WriteProcessMemory request was completed. (0x12B)
[0123/183921.112:ERROR:process_memory_win.cc(73)] ReadMemory at 0x9c50bfe000 of 8192 bytes failed: Only part of a ReadProcessMemory or WriteProcessMemory request was completed. (0x12B)
[0123/183921.112:ERROR:process_memory_win.cc(73)] ReadMemory at 0x9c513fd000 of 12288 bytes failed: Only part of a ReadProcessMemory or WriteProcessMemory request was completed. (0x12B)
[0123/183921.113:ERROR:process_memory_win.cc(73)] ReadMemory at 0x9c51bfb000 of 20480 bytes failed: Only part of a ReadProcessMemory or WriteProcessMemory request was completed. (0x12B)
[0123/183921.113:ERROR:process_memory_win.cc(73)] ReadMemory at 0x9c523fd000 of 12288 bytes failed: Only part of a ReadProcessMemory or WriteProcessMemory request was completed. (0x12B)
[0123/183921.114:ERROR:process_memory_win.cc(73)] ReadMemory at 0x9c533f6000 of 40960 bytes failed: Only part of a ReadProcessMemory or WriteProcessMemory request was completed. (0x12B)
[0123/183921.114:ERROR:process_memory_win.cc(73)] ReadMemory at 0x9c53bf5000 of 45056 bytes failed: Only part of a ReadProcessMemory or WriteProcessMemory request was completed. (0x12B)
[0123/183921.115:ERROR:process_memory_win.cc(73)] ReadMemory at 0x9c543fd000 of 12288 bytes failed: Only part of a ReadProcessMemory or WriteProcessMemory request was completed. (0x12B)
[0123/183921.115:ERROR:process_memory_win.cc(73)] ReadMemory at 0x9c52bfd000 of 12288 bytes failed: Only part of a ReadProcessMemory or WriteProcessMemory request was completed. (0x12B)
[0123/183921.116:ERROR:process_memory_win.cc(73)] ReadMemory at 0x9c4db70000 of 852 bytes failed: Only part of a ReadProcessMemory or WriteProcessMemory request was completed. (0x12B)
[0123/183921.116:ERROR:process_memory_win.cc(73)] ReadMemory at 0x9c4db71000 of 6024 bytes failed: Only part of a ReadProcessMemory or WriteProcessMemory request was completed. (0x12B)
[0123/183921.116:ERROR:process_memory_win.cc(73)] ReadMemory at 0x9c4db73000 of 6024 bytes failed: Only part of a ReadProcessMemory or WriteProcessMemory request was completed. (0x12B)
[0123/183921.116:ERROR:process_memory_win.cc(73)] ReadMemory at 0x9c4db75000 of 6024 bytes failed: Only part of a ReadProcessMemory or WriteProcessMemory request was completed. (0x12B)
[0123/183921.116:ERROR:process_memory_win.cc(73)] ReadMemory at 0x9c4db77000 of 6024 bytes failed: Only part of a ReadProcessMemory or WriteProcessMemory request was completed. (0x12B)
[0123/183921.116:ERROR:process_memory_win.cc(73)] ReadMemory at 0x9c4db79000 of 6024 bytes failed: Only part of a ReadProcessMemory or WriteProcessMemory request was completed. (0x12B)
[0123/183921.117:ERROR:process_memory_win.cc(73)] ReadMemory at 0x9c4db7b000 of 6024 bytes failed: Only part of a ReadProcessMemory or WriteProcessMemory request was completed. (0x12B)
[0123/183921.117:ERROR:process_memory_win.cc(73)] ReadMemory at 0x9c4db7d000 of 6024 bytes failed: Only part of a ReadProcessMemory or WriteProcessMemory request was completed. (0x12B)
[0123/183921.117:ERROR:process_memory_win.cc(73)] ReadMemory at 0x9c4db7f000 of 6024 bytes failed: Only part of a ReadProcessMemory or WriteProcessMemory request was completed. (0x12B)
[0123/183921.117:ERROR:process_memory_win.cc(73)] ReadMemory at 0x9c4db81000 of 6024 bytes failed: Only part of a ReadProcessMemory or WriteProcessMemory request was completed. (0x12B)
[0123/183921.117:ERROR:process_memory_win.cc(73)] ReadMemory at 0x9c4db85000 of 6024 bytes failed: Only part of a ReadProcessMemory or WriteProcessMemory request was completed. (0x12B)
[0123/183921.117:ERROR:process_memory_win.cc(73)] ReadMemory at 0x9c4db87000 of 6024 bytes failed: Only part of a ReadProcessMemory or WriteProcessMemory request was completed. (0x12B)
[0123/183921.117:ERROR:process_memory_win.cc(73)] ReadMemory at 0x9c4db89000 of 6024 bytes failed: Only part of a ReadProcessMemory or WriteProcessMemory request was completed. (0x12B)
[0123/183921.117:ERROR:process_memory_win.cc(73)] ReadMemory at 0x9c4db8f000 of 6024 bytes failed: Only part of a ReadProcessMemory or WriteProcessMemory request was completed. (0x12B)
[0123/183921.117:ERROR:process_memory_win.cc(73)] ReadMemory at 0x26cb3c20fe0 of 5026 bytes failed: Only part of a ReadProcessMemory or WriteProcessMemory request was completed. (0x12B)
[0123/183921.118:ERROR:process_memory_win.cc(73)] ReadMemory at 0x26cb3c22390 of 1012 bytes failed: Only part of a ReadProcessMemory or WriteProcessMemory request was completed. (0x12B)
[0123/183921.118:ERROR:process_memory_win.cc(73)] ReadMemory at 0x26cb3c229b8 of 118 bytes failed: Only part of a ReadProcessMemory or WriteProcessMemory request was completed. (0x12B)
[0123/183921.118:ERROR:process_memory_win.cc(73)] ReadMemory at 0x26cb3c22a30 of 1772 bytes failed: Only part of a ReadProcessMemory or WriteProcessMemory request was completed. (0x12B)
[0123/183921.118:ERROR:process_memory_win.cc(73)] ReadMemory at 0x26cb3c2311e of 118 bytes failed: Only part of a ReadProcessMemory or WriteProcessMemory request was completed. (0x12B)
[0123/183921.118:ERROR:process_memory_win.cc(73)] ReadMemory at 0x26cb3c23196 of 98 bytes failed: Only part of a ReadProcessMemory or WriteProcessMemory request was completed. (0x12B)
[0123/183921.118:ERROR:process_memory_win.cc(73)] ReadMemory at 0x26cb3c23210 of 58 bytes failed: Only part of a ReadProcessMemory or WriteProcessMemory request was completed. (0x12B)
[0123/183921.118:ERROR:process_memory_win.cc(73)] ReadMemory at 0x26cb3c23310 of 132 bytes failed: Only part of a ReadProcessMemory or WriteProcessMemory request was completed. (0x12B)
[0123/183921.118:ERROR:process_memory_win.cc(73)] ReadMemory at 0x26cb3c234a0 of 132 bytes failed: Only part of a ReadProcessMemory or WriteProcessMemory request was completed. (0x12B)
[0123/183921.118:ERROR:process_memory_win.cc(73)] ReadMemory at 0x26cb3c23660 of 126 bytes failed: Only part of a ReadProcessMemory or WriteProcessMemory request was completed. (0x12B)
[0123/183921.118:ERROR:process_memory_win.cc(73)] ReadMemory at 0x26cb3c23a40 of 132 bytes failed: Only part of a ReadProcessMemory or WriteProcessMemory request was completed. (0x12B)
[0123/183921.118:ERROR:process_memory_win.cc(73)] ReadMemory at 0x26cb3c23bd0 of 64 bytes failed: Only part of a ReadProcessMemory or WriteProcessMemory request was completed. (0x12B)
[0123/183921.118:ERROR:process_memory_win.cc(73)] ReadMemory at 0x26cb3c23c20 of 132 bytes failed: Only part of a ReadProcessMemory or WriteProcessMemory request was completed. (0x12B)
[0123/183921.118:ERROR:process_memory_win.cc(73)] ReadMemory at 0x26cb3c23d90 of 132 bytes failed: Only part of a ReadProcessMemory or WriteProcessMemory request was completed. (0x12B)
[0123/183921.118:ERROR:process_memory_win.cc(73)] ReadMemory at 0x26cb3c24030 of 132 bytes failed: Only part of a ReadProcessMemory or WriteProcessMemory request was completed. (0x12B)
[0123/183921.118:ERROR:process_memory_win.cc(73)] ReadMemory at 0x26cb3c241c0 of 68 bytes failed: Only part of a ReadProcessMemory or WriteProcessMemory request was completed. (0x12B)
[0123/183921.119:ERROR:process_memory_win.cc(73)] ReadMemory at 0x26cb3c25370 of 132 bytes failed: Only part of a ReadProcessMemory or WriteProcessMemory request was completed. (0x12B)
[0123/183921.119:ERROR:process_memory_win.cc(73)] ReadMemory at 0x26cb3c25500 of 154 bytes failed: Only part of a ReadProcessMemory or WriteProcessMemory request was completed. (0x12B)
[0123/183921.119:ERROR:process_memory_win.cc(73)] ReadMemory at 0x26cb3c26030 of 132 bytes failed: Only part of a ReadProcessMemory or WriteProcessMemory request was completed. (0x12B)
[0123/183921.119:ERROR:process_memory_win.cc(73)] ReadMemory at 0x26cb3c26300 of 62 bytes failed: Only part of a ReadProcessMemory or WriteProcessMemory request was completed. (0x12B)
[0123/183921.119:ERROR:process_memory_win.cc(73)] ReadMemory at 0x26cb3c26460 of 132 bytes failed: Only part of a ReadProcessMemory or WriteProcessMemory request was completed. (0x12B)
[0123/183921.119:ERROR:process_memory_win.cc(73)] ReadMemory at 0x26cb3c265f0 of 60 bytes failed: Only part of a ReadProcessMemory or WriteProcessMemory request was completed. (0x12B)
[0123/183921.119:ERROR:process_memory_win.cc(73)] ReadMemory at 0x26cb3c281f0 of 132 bytes failed: Only part of a ReadProcessMemory or WriteProcessMemory request was completed. (0x12B)
[0123/183921.119:ERROR:process_memory_win.cc(73)] ReadMemory at 0x26cb3c28320 of 132 bytes failed: Only part of a ReadProcessMemory or WriteProcessMemory request was completed. (0x12B)
[0123/183921.119:ERROR:process_memory_win.cc(73)] ReadMemory at 0x26cb3c28530 of 132 bytes failed: Only part of a ReadProcessMemory or WriteProcessMemory request was completed. (0x12B)
[0123/183921.119:ERROR:process_memory_win.cc(73)] ReadMemory at 0x26cb3c2ae80 of 132 bytes failed: Only part of a ReadProcessMemory or WriteProcessMemory request was completed. (0x12B)
[0123/183921.119:ERROR:process_memory_win.cc(73)] ReadMemory at 0x26cb3c2afb0 of 132 bytes failed: Only part of a ReadProcessMemory or WriteProcessMemory request was completed. (0x12B)
[0123/183921.119:ERROR:process_memory_win.cc(73)] ReadMemory at 0x26cb3c2b140 of 80 bytes failed: Only part of a ReadProcessMemory or WriteProcessMemory request was completed. (0x12B)
[0123/183921.119:ERROR:process_memory_win.cc(73)] ReadMemory at 0x26cb3c2b3d0 of 62 bytes failed: Only part of a ReadProcessMemory or WriteProcessMemory request was completed. (0x12B)
[0123/183921.119:ERROR:process_memory_win.cc(73)] ReadMemory at 0x26cb3c2b420 of 60 bytes failed: Only part of a ReadProcessMemory or WriteProcessMemory request was completed. (0x12B)
[0123/183921.119:ERROR:process_memory_win.cc(73)] ReadMemory at 0x26cb3c2b470 of 64 bytes failed: Only part of a ReadProcessMemory or WriteProcessMemory request was completed. (0x12B)
[0123/183921.119:ERROR:process_memory_win.cc(73)] ReadMemory at 0x26cb3c2b4c0 of 60 bytes failed: Only part of a ReadProcessMemory or WriteProcessMemory request was completed. (0x12B)
[0123/183921.119:ERROR:process_memory_win.cc(73)] ReadMemory at 0x26cb3c2b600 of 64 bytes failed: Only part of a ReadProcessMemory or WriteProcessMemory request was completed. (0x12B)
[0123/183921.119:ERROR:process_memory_win.cc(73)] ReadMemory at 0x26cb3c2b650 of 66 bytes failed: Only part of a ReadProcessMemory or WriteProcessMemory request was completed. (0x12B)
[0123/183921.120:ERROR:process_memory_win.cc(73)] ReadMemory at 0x26cb3c2b6a0 of 64 bytes failed: Only part of a ReadProcessMemory or WriteProcessMemory request was completed. (0x12B)
[0123/183921.120:ERROR:process_memory_win.cc(73)] ReadMemory at 0x26cb3c2b790 of 64 bytes failed: Only part of a ReadProcessMemory or WriteProcessMemory request was completed. (0x12B)
[0123/183921.120:ERROR:process_memory_win.cc(73)] ReadMemory at 0x26cb3c2b7e0 of 62 bytes failed: Only part of a ReadProcessMemory or WriteProcessMemory request was completed. (0x12B)
[0123/183921.120:ERROR:process_memory_win.cc(73)] ReadMemory at 0x26cb3c2ca30 of 76 bytes failed: Only part of a ReadProcessMemory or WriteProcessMemory request was completed. (0x12B)
[0123/183921.120:ERROR:process_memory_win.cc(73)] ReadMemory at 0x26cb3c2cc10 of 78 bytes failed: Only part of a ReadProcessMemory or WriteProcessMemory request was completed. (0x12B)
[0123/183921.120:ERROR:process_memory_win.cc(73)] ReadMemory at 0x26cb3c2cff0 of 62 bytes failed: Only part of a ReadProcessMemory or WriteProcessMemory request was completed. (0x12B)
[0123/183921.120:ERROR:process_memory_win.cc(73)] ReadMemory at 0x26cb3c2d360 of 62 bytes failed: Only part of a ReadProcessMemory or WriteProcessMemory request was completed. (0x12B)
[0123/183921.120:ERROR:process_memory_win.cc(73)] ReadMemory at 0x26cb3c2d3b0 of 62 bytes failed: Only part of a ReadProcessMemory or WriteProcessMemory request was completed. (0x12B)
[0123/183921.120:ERROR:process_memory_win.cc(73)] ReadMemory at 0x26cb3c2d590 of 64 bytes failed: Only part of a ReadProcessMemory or WriteProcessMemory request was completed. (0x12B)
[0123/183921.120:ERROR:process_memory_win.cc(73)] ReadMemory at 0x26cb3c2d5e0 of 66 bytes failed: Only part of a ReadProcessMemory or WriteProcessMemory request was completed. (0x12B)
[0123/183921.120:ERROR:process_memory_win.cc(73)] ReadMemory at 0x26cb3c2d630 of 64 bytes failed: Only part of a ReadProcessMemory or WriteProcessMemory request was completed. (0x12B)
[0123/183921.120:ERROR:process_memory_win.cc(73)] ReadMemory at 0x26cb3c2d900 of 60 bytes failed: Only part of a ReadProcessMemory or WriteProcessMemory request was completed. (0x12B)
[0123/183921.120:ERROR:process_memory_win.cc(73)] ReadMemory at 0x26cb3c2d9a0 of 60 bytes failed: Only part of a ReadProcessMemory or WriteProcessMemory request was completed. (0x12B)
[0123/183921.120:ERROR:process_memory_win.cc(73)] ReadMemory at 0x26cb3c2da90 of 62 bytes failed: Only part of a ReadProcessMemory or WriteProcessMemory request was completed. (0x12B)
[0123/183921.120:ERROR:process_memory_win.cc(73)] ReadMemory at 0x26cb3c2dae0 of 62 bytes failed: Only part of a ReadProcessMemory or WriteProcessMemory request was completed. (0x12B)
[0123/183921.120:ERROR:process_memory_win.cc(73)] ReadMemory at 0x26cb3c2db30 of 62 bytes failed: Only part of a ReadProcessMemory or WriteProcessMemory request was completed. (0x12B)
[0123/183921.120:ERROR:process_memory_win.cc(73)] ReadMemory at 0x26cb3c2db80 of 58 bytes failed: Only part of a ReadProcessMemory or WriteProcessMemory request was completed. (0x12B)
[0123/183921.120:ERROR:process_memory_win.cc(73)] ReadMemory at 0x26cb3c2dc20 of 60 bytes failed: Only part of a ReadProcessMemory or WriteProcessMemory request was completed. (0x12B)
[0123/183921.120:ERROR:process_memory_win.cc(73)] ReadMemory at 0x26cb3c2dc70 of 60 bytes failed: Only part of a ReadProcessMemory or WriteProcessMemory request was completed. (0x12B)
[0123/183921.120:ERROR:process_memory_win.cc(73)] ReadMemory at 0x26cb3c2dcc0 of 62 bytes failed: Only part of a ReadProcessMemory or WriteProcessMemory request was completed. (0x12B)
[0123/183921.120:ERROR:process_memory_win.cc(73)] ReadMemory at 0x26cb3c2dd10 of 64 bytes failed: Only part of a ReadProcessMemory or WriteProcessMemory request was completed. (0x12B)
[0123/183921.121:ERROR:process_memory_win.cc(73)] ReadMemory at 0x26cb3c2dd60 of 64 bytes failed: Only part of a ReadProcessMemory or WriteProcessMemory request was completed. (0x12B)
[0123/183921.121:ERROR:process_memory_win.cc(73)] ReadMemory at 0x26cb3c2de50 of 62 bytes failed: Only part of a ReadProcessMemory or WriteProcessMemory request was completed. (0x12B)
[0123/183921.121:ERROR:process_memory_win.cc(73)] ReadMemory at 0x26cb3c2f2e0 of 158 bytes failed: Only part of a ReadProcessMemory or WriteProcessMemory request was completed. (0x12B)
[0123/183921.121:ERROR:process_memory_win.cc(73)] ReadMemory at 0x26cb3c2fcb0 of 54 bytes failed: Only part of a ReadProcessMemory or WriteProcessMemory request was completed. (0x12B)
[0123/183921.121:ERROR:process_memory_win.cc(73)] ReadMemory at 0x26cb3c306f0 of 132 bytes failed: Only part of a ReadProcessMemory or WriteProcessMemory request was completed. (0x12B)
[0123/183921.121:ERROR:process_memory_win.cc(73)] ReadMemory at 0x26cb3c30a40 of 132 bytes failed: Only part of a ReadProcessMemory or WriteProcessMemory request was completed. (0x12B)
[0123/183921.126:ERROR:process_memory_win.cc(73)] ReadMemory at 0x26cb3c33b80 of 132 bytes failed: Only part of a ReadProcessMemory or WriteProcessMemory request was completed. (0x12B)
[0123/183921.126:ERROR:process_memory_win.cc(73)] ReadMemory at 0x26cb3c359e0 of 132 bytes failed: Only part of a ReadProcessMemory or WriteProcessMemory request was completed. (0x12B)
[0123/183921.126:ERROR:process_memory_win.cc(73)] ReadMemory at 0x26cb3c35b10 of 132 bytes failed: Only part of a ReadProcessMemory or WriteProcessMemory request was completed. (0x12B)
[0123/183921.127:ERROR:process_memory_win.cc(73)] ReadMemory at 0x26cb3c35c40 of 132 bytes failed: Only part of a ReadProcessMemory or WriteProcessMemory request was completed. (0x12B)
[0123/183921.127:ERROR:process_memory_win.cc(73)] ReadMemory at 0x26cb3c35d70 of 132 bytes failed: Only part of a ReadProcessMemory or WriteProcessMemory request was completed. (0x12B)
[0123/183921.127:ERROR:process_memory_win.cc(73)] ReadMemory at 0x26cb3c35ea0 of 132 bytes failed: Only part of a ReadProcessMemory or WriteProcessMemory request was completed. (0x12B)
[0123/183921.127:ERROR:process_memory_win.cc(73)] ReadMemory at 0x26cb3c35fd0 of 132 bytes failed: Only part of a ReadProcessMemory or WriteProcessMemory request was completed. (0x12B)
[0123/183921.128:ERROR:process_memory_win.cc(73)] ReadMemory at 0x26cb3c36100 of 132 bytes failed: Only part of a ReadProcessMemory or WriteProcessMemory request was completed. (0x12B)
[0123/183921.128:ERROR:process_memory_win.cc(73)] ReadMemory at 0x26cb3c36230 of 132 bytes failed: Only part of a ReadProcessMemory or WriteProcessMemory request was completed. (0x12B)
[0123/183921.128:ERROR:process_memory_win.cc(73)] ReadMemory at 0x26cb3c36490 of 132 bytes failed: Only part of a ReadProcessMemory or WriteProcessMemory request was completed. (0x12B)
[0123/183921.128:ERROR:process_memory_win.cc(73)] ReadMemory at 0x26cb3c365c0 of 132 bytes failed: Only part of a ReadProcessMemory or WriteProcessMemory request was completed. (0x12B)
[0123/183921.129:ERROR:process_memory_win.cc(73)] ReadMemory at 0x26cb3c366f0 of 132 bytes failed: Only part of a ReadProcessMemory or WriteProcessMemory request was completed. (0x12B)
[0123/183921.129:ERROR:process_memory_win.cc(73)] ReadMemory at 0x26cb3c36820 of 132 bytes failed: Only part of a ReadProcessMemory or WriteProcessMemory request was completed. (0x12B)
[0123/183921.129:ERROR:process_memory_win.cc(73)] ReadMemory at 0x26cb3c38310 of 132 bytes failed: Only part of a ReadProcessMemory or WriteProcessMemory request was completed. (0x12B)
[0123/183921.129:ERROR:process_memory_win.cc(73)] ReadMemory at 0x26cb3c387d0 of 132 bytes failed: Only part of a ReadProcessMemory or WriteProcessMemory request was completed. (0x12B)
[0123/183921.129:ERROR:process_memory_win.cc(73)] ReadMemory at 0x26cb3c38900 of 132 bytes failed: Only part of a ReadProcessMemory or WriteProcessMemory request was completed. (0x12B)
[0123/183921.129:ERROR:process_memory_win.cc(73)] ReadMemory at 0x26cb3c38a30 of 132 bytes failed: Only part of a ReadProcessMemory or WriteProcessMemory request was completed. (0x12B)
[0123/183921.129:ERROR:process_memory_win.cc(73)] ReadMemory at 0x26cb3c38b60 of 132 bytes failed: Only part of a ReadProcessMemory or WriteProcessMemory request was completed. (0x12B)
[0123/183921.129:ERROR:process_memory_win.cc(73)] ReadMemory at 0x26cb3c38c90 of 132 bytes failed: Only part of a ReadProcessMemory or WriteProcessMemory request was completed. (0x12B)
[0123/183921.129:ERROR:process_memory_win.cc(73)] ReadMemory at 0x26cb3c38dc0 of 132 bytes failed: Only part of a ReadProcessMemory or WriteProcessMemory request was completed. (0x12B)
[0123/183921.129:ERROR:process_memory_win.cc(73)] ReadMemory at 0x26cb3c38ef0 of 132 bytes failed: Only part of a ReadProcessMemory or WriteProcessMemory request was completed. (0x12B)
[0123/183921.129:ERROR:process_memory_win.cc(73)] ReadMemory at 0x26cb3c39020 of 132 bytes failed: Only part of a ReadProcessMemory or WriteProcessMemory request was completed. (0x12B)
[0123/183921.129:ERROR:process_memory_win.cc(73)] ReadMemory at 0x26cb3c39150 of 132 bytes failed: Only part of a ReadProcessMemory or WriteProcessMemory request was completed. (0x12B)
[0123/183921.129:ERROR:process_memory_win.cc(73)] ReadMemory at 0x26cb3c39280 of 132 bytes failed: Only part of a ReadProcessMemory or WriteProcessMemory request was completed. (0x12B)
[0123/183921.129:ERROR:process_memory_win.cc(73)] ReadMemory at 0x26cb3c393b0 of 132 bytes failed: Only part of a ReadProcessMemory or WriteProcessMemory request was completed. (0x12B)
[0123/183921.129:ERROR:process_memory_win.cc(73)] ReadMemory at 0x26cb3c394e0 of 132 bytes failed: Only part of a ReadProcessMemory or WriteProcessMemory request was completed. (0x12B)
[0123/183921.129:ERROR:process_memory_win.cc(73)] ReadMemory at 0x26cb3c39610 of 132 bytes failed: Only part of a ReadProcessMemory or WriteProcessMemory request was completed. (0x12B)
[0123/183921.130:ERROR:process_memory_win.cc(73)] ReadMemory at 0x26cb3c39870 of 132 bytes failed: Only part of a ReadProcessMemory or WriteProcessMemory request was completed. (0x12B)
[0123/183921.130:ERROR:process_memory_win.cc(73)] ReadMemory at 0x26cb3c399a0 of 132 bytes failed: Only part of a ReadProcessMemory or WriteProcessMemory request was completed. (0x12B)
[0123/183921.130:ERROR:process_memory_win.cc(73)] ReadMemory at 0x26cb3c39ad0 of 132 bytes failed: Only part of a ReadProcessMemory or WriteProcessMemory request was completed. (0x12B)
[0123/183921.130:ERROR:process_memory_win.cc(73)] ReadMemory at 0x26cb3c39c00 of 132 bytes failed: Only part of a ReadProcessMemory or WriteProcessMemory request was completed. (0x12B)
[0123/183921.130:ERROR:process_memory_win.cc(73)] ReadMemory at 0x26cb3c39d30 of 132 bytes failed: Only part of a ReadProcessMemory or WriteProcessMemory request was completed. (0x12B)
[0123/183921.130:ERROR:process_memory_win.cc(73)] ReadMemory at 0x26cb3c48aa0 of 64 bytes failed: Only part of a ReadProcessMemory or WriteProcessMemory request was completed. (0x12B)
[0123/183921.130:ERROR:process_memory_win.cc(73)] ReadMemory at 0x26cb3c48b90 of 66 bytes failed: Only part of a ReadProcessMemory or WriteProcessMemory request was completed. (0x12B)
[0123/183921.130:ERROR:process_memory_win.cc(73)] ReadMemory at 0x26cb3c48d20 of 60 bytes failed: Only part of a ReadProcessMemory or WriteProcessMemory request was completed. (0x12B)
[0123/183921.130:ERROR:process_memory_win.cc(73)] ReadMemory at 0x26cb3c48d70 of 60 bytes failed: Only part of a ReadProcessMemory or WriteProcessMemory request was completed. (0x12B)
[0123/183921.130:ERROR:process_memory_win.cc(73)] ReadMemory at 0x26cb3c48ff0 of 62 bytes failed: Only part of a ReadProcessMemory or WriteProcessMemory request was completed. (0x12B)
[0123/183921.130:ERROR:process_memory_win.cc(73)] ReadMemory at 0x26cb3c49040 of 62 bytes failed: Only part of a ReadProcessMemory or WriteProcessMemory request was completed. (0x12B)
[0123/183921.131:ERROR:process_memory_win.cc(73)] ReadMemory at 0x26cb3c495e0 of 62 bytes failed: Only part of a ReadProcessMemory or WriteProcessMemory request was completed. (0x12B)
[0123/183921.131:ERROR:process_memory_win.cc(73)] ReadMemory at 0x26cb3c496d0 of 58 bytes failed: Only part of a ReadProcessMemory or WriteProcessMemory request was completed. (0x12B)
[0123/183921.131:ERROR:process_memory_win.cc(73)] ReadMemory at 0x26cb3c498b0 of 58 bytes failed: Only part of a ReadProcessMemory or WriteProcessMemory request was completed. (0x12B)
[0123/183921.131:ERROR:process_memory_win.cc(73)] ReadMemory at 0x26cb3c54ee0 of 512 bytes failed: Only part of a ReadProcessMemory or WriteProcessMemory request was completed. (0x12B)
[0123/183921.132:ERROR:process_memory_win.cc(73)] ReadMemory at 0x26cb3c56ba0 of 512 bytes failed: Only part of a ReadProcessMemory or WriteProcessMemory request was completed. (0x12B)
[0123/183921.132:ERROR:process_memory_win.cc(73)] ReadMemory at 0x26cb3d90ca0 of 512 bytes failed: Only part of a ReadProcessMemory or WriteProcessMemory request was completed. (0x12B)
[0123/183921.132:ERROR:process_memory_win.cc(73)] ReadMemory at 0x26cb400e440 of 512 bytes failed: Only part of a ReadProcessMemory or WriteProcessMemory request was completed. (0x12B)
[0123/183921.132:ERROR:process_memory_win.cc(73)] ReadMemory at 0x26cb40c0000 of 384 bytes failed: Only part of a ReadProcessMemory or WriteProcessMemory request was completed. (0x12B)
[0123/183921.132:ERROR:process_memory_win.cc(73)] ReadMemory at 0x26cb40d12c0 of 896 bytes failed: Only part of a ReadProcessMemory or WriteProcessMemory request was completed. (0x12B)
[0123/183921.132:ERROR:process_memory_win.cc(73)] ReadMemory at 0x26cb40dc600 of 512 bytes failed: Only part of a ReadProcessMemory or WriteProcessMemory request was completed. (0x12B)
[0123/183921.132:ERROR:process_memory_win.cc(73)] ReadMemory at 0x26cb40f3928 of 512 bytes failed: Only part of a ReadProcessMemory or WriteProcessMemory request was completed. (0x12B)
[0123/183921.132:ERROR:process_memory_win.cc(73)] ReadMemory at 0x26cb40f5540 of 512 bytes failed: Only part of a ReadProcessMemory or WriteProcessMemory request was completed. (0x12B)
[0123/183921.132:ERROR:process_memory_win.cc(73)] ReadMemory at 0x26cb4109790 of 712 bytes failed: Only part of a ReadProcessMemory or WriteProcessMemory request was completed. (0x12B)
[0123/183921.132:ERROR:process_memory_win.cc(73)] ReadMemory at 0x26cb4111308 of 512 bytes failed: Only part of a ReadProcessMemory or WriteProcessMemory request was completed. (0x12B)
[0123/183921.132:ERROR:process_memory_win.cc(73)] ReadMemory at 0x26cb41126b8 of 512 bytes failed: Only part of a ReadProcessMemory or WriteProcessMemory request was completed. (0x12B)
[0123/183921.132:ERROR:process_memory_win.cc(73)] ReadMemory at 0x26cb4112a18 of 512 bytes failed: Only part of a ReadProcessMemory or WriteProcessMemory request was completed. (0x12B)
[0123/183921.132:ERROR:process_memory_win.cc(73)] ReadMemory at 0x26cb418ac30 of 512 bytes failed: Only part of a ReadProcessMemory or WriteProcessMemory request was completed. (0x12B)
[0123/183921.132:ERROR:process_memory_win.cc(73)] ReadMemory at 0x26cb608dcc0 of 512 bytes failed: Only part of a ReadProcessMemory or WriteProcessMemory request was completed. (0x12B)
[0123/183921.132:ERROR:process_memory_win.cc(73)] ReadMemory at 0x26cb615c538 of 512 bytes failed: Only part of a ReadProcessMemory or WriteProcessMemory request was completed. (0x12B)
[0123/183921.132:ERROR:process_memory_win.cc(73)] ReadMemory at 0x26cb61a49c8 of 512 bytes failed: Only part of a ReadProcessMemory or WriteProcessMemory request was completed. (0x12B)
[0123/183921.132:ERROR:process_memory_win.cc(73)] ReadMemory at 0x26cb670e9c0 of 512 bytes failed: Only part of a ReadProcessMemory or WriteProcessMemory request was completed. (0x12B)
[0123/183921.132:ERROR:process_memory_win.cc(73)] ReadMemory at 0x26cb6714f28 of 512 bytes failed: Only part of a ReadProcessMemory or WriteProcessMemory request was completed. (0x12B)
[0123/183921.132:ERROR:process_memory_win.cc(73)] ReadMemory at 0x26cb7c3a800 of 512 bytes failed: Only part of a ReadProcessMemory or WriteProcessMemory request was completed. (0x12B)
[0123/183921.132:ERROR:process_memory_win.cc(73)] ReadMemory at 0x7ffd3c85f0ec of 512 bytes failed: Only part of a ReadProcessMemory or WriteProcessMemory request was completed. (0x12B)
[0123/183921.133:ERROR:process_memory_win.cc(73)] ReadMemory at 0x7ffd3da21a7e of 512 bytes failed: Only part of a ReadProcessMemory or WriteProcessMemory request was completed. (0x12B)
[0123/183921.133:ERROR:process_memory_win.cc(73)] ReadMemory at 0x7ffd3e229afe of 512 bytes failed: Only part of a ReadProcessMemory or WriteProcessMemory request was completed. (0x12B)
[0123/183921.133:ERROR:process_memory_win.cc(73)] ReadMemory at 0x7ffd8015ff00 of 512 bytes failed: Only part of a ReadProcessMemory or WriteProcessMemory request was completed. (0x12B)
[0123/183921.133:ERROR:process_memory_win.cc(73)] ReadMemory at 0x7ffd801af764 of 672 bytes failed: Only part of a ReadProcessMemory or WriteProcessMemory request was completed. (0x12B)
[0123/183921.133:ERROR:process_memory_win.cc(73)] ReadMemory at 0x7ffd801afd64 of 512 bytes failed: Only part of a ReadProcessMemory or WriteProcessMemory request was completed. (0x12B)
[0123/183921.133:ERROR:process_memory_win.cc(73)] ReadMemory at 0x7ffd801b2ff4 of 608 bytes failed: Only part of a ReadProcessMemory or WriteProcessMemory request was completed. (0x12B)
[0123/183921.133:ERROR:process_memory_win.cc(73)] ReadMemory at 0x7ffd8023c0c8 of 18 bytes failed: Only part of a ReadProcessMemory or WriteProcessMemory request was completed. (0x12B)
[0123/183921.133:ERROR:process_memory_win.cc(73)] ReadMemory at 0x7ffd8026f4f8 of 40 bytes failed: Only part of a ReadProcessMemory or WriteProcessMemory request was completed. (0x12B)
[0123/183921.133:ERROR:process_memory_win.cc(73)] ReadMemory at 0x7ffd8026f978 of 48 bytes failed: Only part of a ReadProcessMemory or WriteProcessMemory request was completed. (0x12B)
[0123/183921.133:ERROR:process_memory_win.cc(73)] ReadMemory at 0x7ffd802753a0 of 64 bytes failed: Only part of a ReadProcessMemory or WriteProcessMemory request was completed. (0x12B)
[0123/183921.134:ERROR:scoped_process_suspend.cc(40)] NtResumeProcess: An attempt was made to access an exiting process. (0xc000010a)
[0123/183922.138:ERROR:process_reader_win.cc(151)] SuspendThread: Access is denied. (0x5)
[0123/183922.138:ERROR:process_reader_win.cc(151)] SuspendThread: Access is denied. (0x5)
[0123/183922.138:ERROR:exception_snapshot_win.cc(98)] thread ID 16060 not found in process
[0818/184415.553:ERROR:process_reader_win.cc(123)] NtOpenThread: {Access Denied} A process has requested access to an object, but has not been granted those access rights. (0xc0000022)
[0818/184415.631:ERROR:exception_snapshot_win.cc(98)] thread ID 9200 not found in process
[0818/184415.756:ERROR:process_reader_win.cc(123)] NtOpenThread: {Access Denied} A process has requested access to an object, but has not been granted those access rights. (0xc0000022)
[0818/184415.756:ERROR:exception_snapshot_win.cc(98)] thread ID 17004 not found in process
